{"numFailedTestSuites":0,"numFailedTests":0,"numPassedTestSuites":1,"numPassedTests":9,"numPendingTestSuites":0,"numPendingTests":0,"numRuntimeErrorTestSuites":0,"numTodoTests":0,"numTotalTestSuites":1,"numTotalTests":9,"openHandles":[],"snapshot":{"added":0,"didUpdate":false,"failure":false,"filesAdded":0,"filesRemoved":0,"filesRemovedList":[],"filesUnmatched":0,"filesUpdated":0,"matched":0,"total":0,"unchecked":0,"uncheckedKeysByFile":[],"unmatched":0,"updated":0},"startTime":1766117922866,"success":true,"testResults":[{"assertionResults":[{"ancestorTitles":["App"],"failureMessages":[],"fullName":"App TestAppコンポーネントが描画される","location":null,"status":"passed","title":"TestAppコンポーネントが描画される"},{"ancestorTitles":["index.js"],"failureMessages":[],"fullName":"index.js AppがStrictModeで描画される","location":null,"status":"passed","title":"AppがStrictModeで描画される"},{"ancestorTitles":["TestApp"],"failureMessages":[],"fullName":"TestApp 初期表示でバージョン情報が表示される","location":null,"status":"passed","title":"初期表示でバージョン情報が表示される"},{"ancestorTitles":["TestApp"],"failureMessages":[],"fullName":"TestApp タスク追加バリデーション: 空欄は追加不可","location":null,"status":"passed","title":"タスク追加バリデーション: 空欄は追加不可"},{"ancestorTitles":["TestApp"],"failureMessages":[],"fullName":"TestApp タスクを追加し、リストに表示される","location":null,"status":"passed","title":"タスクを追加し、リストに表示される"},{"ancestorTitles":["TestApp"],"failureMessages":[],"fullName":"TestApp タスクを完了にでき、打消し線がつく","location":null,"status":"passed","title":"タスクを完了にでき、打消し線がつく"},{"ancestorTitles":["TestApp"],"failureMessages":[],"fullName":"TestApp タスクを削除できる","location":null,"status":"passed","title":"タスクを削除できる"},{"ancestorTitles":["TestApp"],"failureMessages":[],"fullName":"TestApp フィルタボタンで未完了・完了・全てを切り替えられる","location":null,"status":"passed","title":"フィルタボタンで未完了・完了・全てを切り替えられる"},{"ancestorTitles":["TestApp"],"failureMessages":[],"fullName":"TestApp 件数が正しく表示される","location":null,"status":"passed","title":"件数が正しく表示される"}],"endTime":1766117931678,"message":"","name":"C:\\Users\\hirayama\\Documents\\作業資料\\GitHubCopilotセミナー\\20_ソースコード\\計測1回目\\todo-app\\src\\testcase.test.js","startTime":1766117925524,"status":"passed","summary":""}],"wasInterrupted":false}